<?xml version="1.0" encoding="UTF-8"?>
<testsuites>
  <testsuite name="parse_url" timestamp="2024-09-23T08:28:06Z" hostname="e2850f7658d9" tests="1" skipped="0" failures="0" errors="0" time="0.018">
    <testcase time="0.018" classname="parse_url" name="create_shinylive_url_works_as_expected"/>
  </testsuite>
  <testsuite name="tag_examplesShinylive" timestamp="2024-09-23T08:28:06Z" hostname="e2850f7658d9" tests="47" skipped="2" failures="0" errors="0" time="0.554">
    <testcase time="0.143" classname="tag_examplesShinylive" name="examplesShinylive_tag_errors_missing_examples">
      <skipped message="Reason: On CRAN ('test-tag_examplesShinylive.R:12:3')"/>
    </testcase>
    <testcase time="0.03" classname="tag_examplesShinylive" name="examplesShinylive_tag_single_occurrence"/>
    <testcase time="0.003" classname="tag_examplesShinylive" name="examplesShinylive_tag_single_occurrence"/>
    <testcase time="0.001" classname="tag_examplesShinylive" name="examplesShinylive_tag_single_occurrence"/>
    <testcase time="0.003" classname="tag_examplesShinylive" name="examplesShinylive_tag_single_occurrence"/>
    <testcase time="0.002" classname="tag_examplesShinylive" name="examplesShinylive_tag_single_occurrence"/>
    <testcase time="0.0109999999999999" classname="tag_examplesShinylive" name="examplesShinylive_tag_multiple_occurrences"/>
    <testcase time="0.003" classname="tag_examplesShinylive" name="examplesShinylive_tag_multiple_occurrences"/>
    <testcase time="0.001" classname="tag_examplesShinylive" name="examplesShinylive_tag_multiple_occurrences"/>
    <testcase time="0.003" classname="tag_examplesShinylive" name="examplesShinylive_tag_multiple_occurrences"/>
    <testcase time="0.002" classname="tag_examplesShinylive" name="examplesShinylive_tag_multiple_occurrences"/>
    <testcase time="0.003" classname="tag_examplesShinylive" name="examplesShinylive_tag_multiple_occurrences"/>
    <testcase time="0.003" classname="tag_examplesShinylive" name="examplesShinylive_tag_multiple_occurrences"/>
    <testcase time="0.013" classname="tag_examplesShinylive" name="examplesShinylive_tag_don_t_use_previous_example_code"/>
    <testcase time="0.003" classname="tag_examplesShinylive" name="examplesShinylive_tag_don_t_use_previous_example_code"/>
    <testcase time="0.001" classname="tag_examplesShinylive" name="examplesShinylive_tag_don_t_use_previous_example_code"/>
    <testcase time="0.003" classname="tag_examplesShinylive" name="examplesShinylive_tag_don_t_use_previous_example_code"/>
    <testcase time="0.003" classname="tag_examplesShinylive" name="examplesShinylive_tag_don_t_use_previous_example_code"/>
    <testcase time="0.01" classname="tag_examplesShinylive" name="examplesShinylive_tag_keywords_next_example_"/>
    <testcase time="0.002" classname="tag_examplesShinylive" name="examplesShinylive_tag_keywords_next_example_"/>
    <testcase time="0.002" classname="tag_examplesShinylive" name="examplesShinylive_tag_keywords_next_example_"/>
    <testcase time="0.002" classname="tag_examplesShinylive" name="examplesShinylive_tag_keywords_next_example_"/>
    <testcase time="0.003" classname="tag_examplesShinylive" name="examplesShinylive_tag_keywords_next_example_"/>
    <testcase time="0.01" classname="tag_examplesShinylive" name="examplesShinylive_tag_keywords_prev_example_"/>
    <testcase time="0.003" classname="tag_examplesShinylive" name="examplesShinylive_tag_keywords_prev_example_"/>
    <testcase time="0.001" classname="tag_examplesShinylive" name="examplesShinylive_tag_keywords_prev_example_"/>
    <testcase time="0.003" classname="tag_examplesShinylive" name="examplesShinylive_tag_keywords_prev_example_"/>
    <testcase time="0.003" classname="tag_examplesShinylive" name="examplesShinylive_tag_keywords_prev_example_"/>
    <testcase time="0.01" classname="tag_examplesShinylive" name="examplesShinylive_tag_keywords_examples_"/>
    <testcase time="0.005" classname="tag_examplesShinylive" name="examplesShinylive_tag_keywords_examples_"/>
    <testcase time="0.002" classname="tag_examplesShinylive" name="examplesShinylive_tag_keywords_examples_"/>
    <testcase time="0.002" classname="tag_examplesShinylive" name="examplesShinylive_tag_keywords_examples_"/>
    <testcase time="0.003" classname="tag_examplesShinylive" name="examplesShinylive_tag_keywords_examples_"/>
    <testcase time="0.011" classname="tag_examplesShinylive" name="examplesShinylive_tag_keywords_tags_examples_"/>
    <testcase time="0.003" classname="tag_examplesShinylive" name="examplesShinylive_tag_keywords_tags_examples_"/>
    <testcase time="0.001" classname="tag_examplesShinylive" name="examplesShinylive_tag_keywords_tags_examples_"/>
    <testcase time="0.003" classname="tag_examplesShinylive" name="examplesShinylive_tag_keywords_tags_examples_"/>
    <testcase time="0.003" classname="tag_examplesShinylive" name="examplesShinylive_tag_keywords_tags_examples_"/>
    <testcase time="0.088" classname="tag_examplesShinylive" name="examplesShinylive_tag_keywords_error_when_parsing_with_glue">
      <skipped message="Reason: On CRAN ('test-tag_examplesShinylive.R:254:3')"/>
    </testcase>
    <testcase time="0.034" classname="tag_examplesShinylive" name="examplesShinylive_tag_decorate_using_next_example_keyword"/>
    <testcase time="0.003" classname="tag_examplesShinylive" name="examplesShinylive_tag_decorate_using_next_example_keyword"/>
    <testcase time="0.001" classname="tag_examplesShinylive" name="examplesShinylive_tag_decorate_using_next_example_keyword"/>
    <testcase time="0.003" classname="tag_examplesShinylive" name="examplesShinylive_tag_decorate_using_next_example_keyword"/>
    <testcase time="0.00299999999999989" classname="tag_examplesShinylive" name="examplesShinylive_tag_decorate_using_next_example_keyword"/>
    <testcase time="0.0810000000000001" classname="tag_examplesShinylive" name="format_returns_Rd_parsable_to_HTML"/>
    <testcase time="0.002" classname="tag_examplesShinylive" name="format_returns_Rd_parsable_to_HTML"/>
    <testcase time="0.026" classname="tag_examplesShinylive" name="format_returns_Rd_parsable_to_tidy_HTML"/>
  </testsuite>
</testsuites>
