<?xml version="1.0" encoding="UTF-8"?>
<testsuites>
  <testsuite name="parse_url" timestamp="2024-10-01T15:21:24Z" hostname="6f6bfd19de11" tests="1" skipped="0" failures="0" errors="0" time="0.017">
    <testcase time="0.017" classname="parse_url" name="create_shinylive_url_works_as_expected"/>
  </testsuite>
  <testsuite name="tag_examplesShinylive" timestamp="2024-10-01T15:21:24Z" hostname="6f6bfd19de11" tests="49" skipped="0" failures="0" errors="0" time="0.566">
    <testcase time="0.164" classname="tag_examplesShinylive" name="examplesShinylive_tag_errors_missing_examples"/>
    <testcase time="0.003" classname="tag_examplesShinylive" name="examplesShinylive_tag_errors_missing_examples"/>
    <testcase time="0.016" classname="tag_examplesShinylive" name="examplesShinylive_tag_single_occurrence"/>
    <testcase time="0.003" classname="tag_examplesShinylive" name="examplesShinylive_tag_single_occurrence"/>
    <testcase time="0.001" classname="tag_examplesShinylive" name="examplesShinylive_tag_single_occurrence"/>
    <testcase time="0.003" classname="tag_examplesShinylive" name="examplesShinylive_tag_single_occurrence"/>
    <testcase time="0.003" classname="tag_examplesShinylive" name="examplesShinylive_tag_single_occurrence"/>
    <testcase time="0.0099999999999999" classname="tag_examplesShinylive" name="examplesShinylive_tag_multiple_occurrences"/>
    <testcase time="0.003" classname="tag_examplesShinylive" name="examplesShinylive_tag_multiple_occurrences"/>
    <testcase time="0.001" classname="tag_examplesShinylive" name="examplesShinylive_tag_multiple_occurrences"/>
    <testcase time="0.003" classname="tag_examplesShinylive" name="examplesShinylive_tag_multiple_occurrences"/>
    <testcase time="0.003" classname="tag_examplesShinylive" name="examplesShinylive_tag_multiple_occurrences"/>
    <testcase time="0.004" classname="tag_examplesShinylive" name="examplesShinylive_tag_multiple_occurrences"/>
    <testcase time="0.003" classname="tag_examplesShinylive" name="examplesShinylive_tag_multiple_occurrences"/>
    <testcase time="0.011" classname="tag_examplesShinylive" name="examplesShinylive_tag_don_t_use_previous_example_code"/>
    <testcase time="0.002" classname="tag_examplesShinylive" name="examplesShinylive_tag_don_t_use_previous_example_code"/>
    <testcase time="0.002" classname="tag_examplesShinylive" name="examplesShinylive_tag_don_t_use_previous_example_code"/>
    <testcase time="0.002" classname="tag_examplesShinylive" name="examplesShinylive_tag_don_t_use_previous_example_code"/>
    <testcase time="0.003" classname="tag_examplesShinylive" name="examplesShinylive_tag_don_t_use_previous_example_code"/>
    <testcase time="0.01" classname="tag_examplesShinylive" name="examplesShinylive_tag_keywords_next_example_"/>
    <testcase time="0.003" classname="tag_examplesShinylive" name="examplesShinylive_tag_keywords_next_example_"/>
    <testcase time="0.001" classname="tag_examplesShinylive" name="examplesShinylive_tag_keywords_next_example_"/>
    <testcase time="0.003" classname="tag_examplesShinylive" name="examplesShinylive_tag_keywords_next_example_"/>
    <testcase time="0.002" classname="tag_examplesShinylive" name="examplesShinylive_tag_keywords_next_example_"/>
    <testcase time="0.01" classname="tag_examplesShinylive" name="examplesShinylive_tag_keywords_prev_example_"/>
    <testcase time="0.003" classname="tag_examplesShinylive" name="examplesShinylive_tag_keywords_prev_example_"/>
    <testcase time="0.001" classname="tag_examplesShinylive" name="examplesShinylive_tag_keywords_prev_example_"/>
    <testcase time="0.003" classname="tag_examplesShinylive" name="examplesShinylive_tag_keywords_prev_example_"/>
    <testcase time="0.005" classname="tag_examplesShinylive" name="examplesShinylive_tag_keywords_prev_example_"/>
    <testcase time="0.01" classname="tag_examplesShinylive" name="examplesShinylive_tag_keywords_examples_"/>
    <testcase time="0.003" classname="tag_examplesShinylive" name="examplesShinylive_tag_keywords_examples_"/>
    <testcase time="0.001" classname="tag_examplesShinylive" name="examplesShinylive_tag_keywords_examples_"/>
    <testcase time="0.003" classname="tag_examplesShinylive" name="examplesShinylive_tag_keywords_examples_"/>
    <testcase time="0.003" classname="tag_examplesShinylive" name="examplesShinylive_tag_keywords_examples_"/>
    <testcase time="0.01" classname="tag_examplesShinylive" name="examplesShinylive_tag_keywords_tags_examples_"/>
    <testcase time="0.002" classname="tag_examplesShinylive" name="examplesShinylive_tag_keywords_tags_examples_"/>
    <testcase time="0.002" classname="tag_examplesShinylive" name="examplesShinylive_tag_keywords_tags_examples_"/>
    <testcase time="0.003" classname="tag_examplesShinylive" name="examplesShinylive_tag_keywords_tags_examples_"/>
    <testcase time="0.002" classname="tag_examplesShinylive" name="examplesShinylive_tag_keywords_tags_examples_"/>
    <testcase time="0.116" classname="tag_examplesShinylive" name="examplesShinylive_tag_keywords_error_when_parsing_with_glue"/>
    <testcase time="0.003" classname="tag_examplesShinylive" name="examplesShinylive_tag_keywords_error_when_parsing_with_glue"/>
    <testcase time="0.013" classname="tag_examplesShinylive" name="examplesShinylive_tag_decorate_using_next_example_keyword"/>
    <testcase time="0.003" classname="tag_examplesShinylive" name="examplesShinylive_tag_decorate_using_next_example_keyword"/>
    <testcase time="0.001" classname="tag_examplesShinylive" name="examplesShinylive_tag_decorate_using_next_example_keyword"/>
    <testcase time="0.00299999999999989" classname="tag_examplesShinylive" name="examplesShinylive_tag_decorate_using_next_example_keyword"/>
    <testcase time="0.003" classname="tag_examplesShinylive" name="examplesShinylive_tag_decorate_using_next_example_keyword"/>
    <testcase time="0.074" classname="tag_examplesShinylive" name="format_returns_Rd_parsable_to_HTML"/>
    <testcase time="0.002" classname="tag_examplesShinylive" name="format_returns_Rd_parsable_to_HTML"/>
    <testcase time="0.028" classname="tag_examplesShinylive" name="format_returns_Rd_parsable_to_tidy_HTML"/>
  </testsuite>
</testsuites>
