<?xml version="1.0" encoding="UTF-8"?>
<testsuites>
  <testsuite name="parse_url" timestamp="2024-08-27T09:33:00Z" hostname="6fa2b37036bb" tests="1" skipped="0" failures="0" errors="0" time="0.022">
    <testcase time="0.022" classname="parse_url" name="create_shinylive_url_works_as_expected"/>
  </testsuite>
  <testsuite name="tag_examplesShinylive" timestamp="2024-08-27T09:33:00Z" hostname="6fa2b37036bb" tests="44" skipped="2" failures="0" errors="0" time="0.452">
    <testcase time="0.162" classname="tag_examplesShinylive" name="examplesShinylive_tag_errors_missing_examples">
      <skipped message="Reason: On CRAN ('test-tag_examplesShinylive.R:12:3')"/>
    </testcase>
    <testcase time="0.029" classname="tag_examplesShinylive" name="examplesShinylive_tag_single_occurrence"/>
    <testcase time="0.003" classname="tag_examplesShinylive" name="examplesShinylive_tag_single_occurrence"/>
    <testcase time="0.001" classname="tag_examplesShinylive" name="examplesShinylive_tag_single_occurrence"/>
    <testcase time="0.003" classname="tag_examplesShinylive" name="examplesShinylive_tag_single_occurrence"/>
    <testcase time="0.002" classname="tag_examplesShinylive" name="examplesShinylive_tag_single_occurrence"/>
    <testcase time="0.0109999999999999" classname="tag_examplesShinylive" name="examplesShinylive_tag_multiple_occurrences"/>
    <testcase time="0.003" classname="tag_examplesShinylive" name="examplesShinylive_tag_multiple_occurrences"/>
    <testcase time="0.001" classname="tag_examplesShinylive" name="examplesShinylive_tag_multiple_occurrences"/>
    <testcase time="0.002" classname="tag_examplesShinylive" name="examplesShinylive_tag_multiple_occurrences"/>
    <testcase time="0.003" classname="tag_examplesShinylive" name="examplesShinylive_tag_multiple_occurrences"/>
    <testcase time="0.003" classname="tag_examplesShinylive" name="examplesShinylive_tag_multiple_occurrences"/>
    <testcase time="0.003" classname="tag_examplesShinylive" name="examplesShinylive_tag_multiple_occurrences"/>
    <testcase time="0.012" classname="tag_examplesShinylive" name="examplesShinylive_tag_don_t_use_previous_example_code"/>
    <testcase time="0.003" classname="tag_examplesShinylive" name="examplesShinylive_tag_don_t_use_previous_example_code"/>
    <testcase time="0.001" classname="tag_examplesShinylive" name="examplesShinylive_tag_don_t_use_previous_example_code"/>
    <testcase time="0.003" classname="tag_examplesShinylive" name="examplesShinylive_tag_don_t_use_previous_example_code"/>
    <testcase time="0.003" classname="tag_examplesShinylive" name="examplesShinylive_tag_don_t_use_previous_example_code"/>
    <testcase time="0.01" classname="tag_examplesShinylive" name="examplesShinylive_tag_keywords_next_example_"/>
    <testcase time="0.003" classname="tag_examplesShinylive" name="examplesShinylive_tag_keywords_next_example_"/>
    <testcase time="0.001" classname="tag_examplesShinylive" name="examplesShinylive_tag_keywords_next_example_"/>
    <testcase time="0.002" classname="tag_examplesShinylive" name="examplesShinylive_tag_keywords_next_example_"/>
    <testcase time="0.002" classname="tag_examplesShinylive" name="examplesShinylive_tag_keywords_next_example_"/>
    <testcase time="0.01" classname="tag_examplesShinylive" name="examplesShinylive_tag_keywords_prev_example_"/>
    <testcase time="0.003" classname="tag_examplesShinylive" name="examplesShinylive_tag_keywords_prev_example_"/>
    <testcase time="0.001" classname="tag_examplesShinylive" name="examplesShinylive_tag_keywords_prev_example_"/>
    <testcase time="0.003" classname="tag_examplesShinylive" name="examplesShinylive_tag_keywords_prev_example_"/>
    <testcase time="0.002" classname="tag_examplesShinylive" name="examplesShinylive_tag_keywords_prev_example_"/>
    <testcase time="0.00900000000000001" classname="tag_examplesShinylive" name="examplesShinylive_tag_keywords_examples_"/>
    <testcase time="0.00600000000000001" classname="tag_examplesShinylive" name="examplesShinylive_tag_keywords_examples_"/>
    <testcase time="0.001" classname="tag_examplesShinylive" name="examplesShinylive_tag_keywords_examples_"/>
    <testcase time="0.003" classname="tag_examplesShinylive" name="examplesShinylive_tag_keywords_examples_"/>
    <testcase time="0.003" classname="tag_examplesShinylive" name="examplesShinylive_tag_keywords_examples_"/>
    <testcase time="0.01" classname="tag_examplesShinylive" name="examplesShinylive_tag_keywords_tags_examples_"/>
    <testcase time="0.002" classname="tag_examplesShinylive" name="examplesShinylive_tag_keywords_tags_examples_"/>
    <testcase time="0.002" classname="tag_examplesShinylive" name="examplesShinylive_tag_keywords_tags_examples_"/>
    <testcase time="0.002" classname="tag_examplesShinylive" name="examplesShinylive_tag_keywords_tags_examples_"/>
    <testcase time="0.003" classname="tag_examplesShinylive" name="examplesShinylive_tag_keywords_tags_examples_"/>
    <testcase time="0.085" classname="tag_examplesShinylive" name="examplesShinylive_tag_keywords_error_when_parsing_with_glue">
      <skipped message="Reason: On CRAN ('test-tag_examplesShinylive.R:254:3')"/>
    </testcase>
    <testcase time="0.032" classname="tag_examplesShinylive" name="examplesShinylive_tag_decorate_using_next_example_keyword"/>
    <testcase time="0.002" classname="tag_examplesShinylive" name="examplesShinylive_tag_decorate_using_next_example_keyword"/>
    <testcase time="0.002" classname="tag_examplesShinylive" name="examplesShinylive_tag_decorate_using_next_example_keyword"/>
    <testcase time="0.003" classname="tag_examplesShinylive" name="examplesShinylive_tag_decorate_using_next_example_keyword"/>
    <testcase time="0.002" classname="tag_examplesShinylive" name="examplesShinylive_tag_decorate_using_next_example_keyword"/>
  </testsuite>
</testsuites>
