<?xml version="1.0" encoding="UTF-8"?>
<testsuites>
  <testsuite name="examplesShinyLive" timestamp="2024-08-20T09:32:29Z" hostname="bc9d3501cbec" tests="44" skipped="2" failures="0" errors="0" time="0.459">
    <testcase time="0.132" classname="examplesShinyLive" name="examplesShinyLive_tag_errors_missing_examples">
      <skipped message="Reason: On CRAN ('test-examplesShinyLive.R:12:3')"/>
    </testcase>
    <testcase time="0.038" classname="examplesShinyLive" name="examplesShinyLive_tag_single_occurrence"/>
    <testcase time="0.003" classname="examplesShinyLive" name="examplesShinyLive_tag_single_occurrence"/>
    <testcase time="0.011" classname="examplesShinyLive" name="examplesShinyLive_tag_single_occurrence"/>
    <testcase time="0.003" classname="examplesShinyLive" name="examplesShinyLive_tag_single_occurrence"/>
    <testcase time="0.003" classname="examplesShinyLive" name="examplesShinyLive_tag_single_occurrence"/>
    <testcase time="0.012" classname="examplesShinyLive" name="examplesShinyLive_tag_multiple_occurrences"/>
    <testcase time="0.003" classname="examplesShinyLive" name="examplesShinyLive_tag_multiple_occurrences"/>
    <testcase time="0.001" classname="examplesShinyLive" name="examplesShinyLive_tag_multiple_occurrences"/>
    <testcase time="0.003" classname="examplesShinyLive" name="examplesShinyLive_tag_multiple_occurrences"/>
    <testcase time="0.002" classname="examplesShinyLive" name="examplesShinyLive_tag_multiple_occurrences"/>
    <testcase time="0.00299999999999989" classname="examplesShinyLive" name="examplesShinyLive_tag_multiple_occurrences"/>
    <testcase time="0.003" classname="examplesShinyLive" name="examplesShinyLive_tag_multiple_occurrences"/>
    <testcase time="0.011" classname="examplesShinyLive" name="examplesShinyLive_tag_don_t_use_previous_example_code"/>
    <testcase time="0.003" classname="examplesShinyLive" name="examplesShinyLive_tag_don_t_use_previous_example_code"/>
    <testcase time="0.001" classname="examplesShinyLive" name="examplesShinyLive_tag_don_t_use_previous_example_code"/>
    <testcase time="0.003" classname="examplesShinyLive" name="examplesShinyLive_tag_don_t_use_previous_example_code"/>
    <testcase time="0.003" classname="examplesShinyLive" name="examplesShinyLive_tag_don_t_use_previous_example_code"/>
    <testcase time="0.014" classname="examplesShinyLive" name="examplesShinyLive_tag_keywords_next_example_"/>
    <testcase time="0.003" classname="examplesShinyLive" name="examplesShinyLive_tag_keywords_next_example_"/>
    <testcase time="0.001" classname="examplesShinyLive" name="examplesShinyLive_tag_keywords_next_example_"/>
    <testcase time="0.003" classname="examplesShinyLive" name="examplesShinyLive_tag_keywords_next_example_"/>
    <testcase time="0.003" classname="examplesShinyLive" name="examplesShinyLive_tag_keywords_next_example_"/>
    <testcase time="0.011" classname="examplesShinyLive" name="examplesShinyLive_tag_keywords_prev_example_"/>
    <testcase time="0.003" classname="examplesShinyLive" name="examplesShinyLive_tag_keywords_prev_example_"/>
    <testcase time="0.001" classname="examplesShinyLive" name="examplesShinyLive_tag_keywords_prev_example_"/>
    <testcase time="0.003" classname="examplesShinyLive" name="examplesShinyLive_tag_keywords_prev_example_"/>
    <testcase time="0.003" classname="examplesShinyLive" name="examplesShinyLive_tag_keywords_prev_example_"/>
    <testcase time="0.01" classname="examplesShinyLive" name="examplesShinyLive_tag_keywords_examples_"/>
    <testcase time="0.003" classname="examplesShinyLive" name="examplesShinyLive_tag_keywords_examples_"/>
    <testcase time="0.002" classname="examplesShinyLive" name="examplesShinyLive_tag_keywords_examples_"/>
    <testcase time="0.003" classname="examplesShinyLive" name="examplesShinyLive_tag_keywords_examples_"/>
    <testcase time="0.002" classname="examplesShinyLive" name="examplesShinyLive_tag_keywords_examples_"/>
    <testcase time="0.014" classname="examplesShinyLive" name="examplesShinyLive_tag_keywords_tags_examples_"/>
    <testcase time="0.003" classname="examplesShinyLive" name="examplesShinyLive_tag_keywords_tags_examples_"/>
    <testcase time="0.001" classname="examplesShinyLive" name="examplesShinyLive_tag_keywords_tags_examples_"/>
    <testcase time="0.003" classname="examplesShinyLive" name="examplesShinyLive_tag_keywords_tags_examples_"/>
    <testcase time="0.003" classname="examplesShinyLive" name="examplesShinyLive_tag_keywords_tags_examples_"/>
    <testcase time="0.087" classname="examplesShinyLive" name="examplesShinyLive_tag_keywords_error_when_parsing_with_glue">
      <skipped message="Reason: On CRAN ('test-examplesShinyLive.R:254:3')"/>
    </testcase>
    <testcase time="0.035" classname="examplesShinyLive" name="examplesShinyLive_tag_decorate_using_next_example_keyword"/>
    <testcase time="0.003" classname="examplesShinyLive" name="examplesShinyLive_tag_decorate_using_next_example_keyword"/>
    <testcase time="0.001" classname="examplesShinyLive" name="examplesShinyLive_tag_decorate_using_next_example_keyword"/>
    <testcase time="0.003" classname="examplesShinyLive" name="examplesShinyLive_tag_decorate_using_next_example_keyword"/>
    <testcase time="0.003" classname="examplesShinyLive" name="examplesShinyLive_tag_decorate_using_next_example_keyword"/>
  </testsuite>
  <testsuite name="parse_url" timestamp="2024-08-20T09:32:30Z" hostname="bc9d3501cbec" tests="1" skipped="0" failures="0" errors="0" time="0.017">
    <testcase time="0.0169999999999999" classname="parse_url" name="create_shinylive_url_works_as_expected"/>
  </testsuite>
</testsuites>
